eCEP_Flutter/build/app/intermediates/manifest_merge_blame_file/debug/manifest-merger-blame-debug-report.txt
1<?xml version="1.0" encoding="utf-8"?>
2<manifest xmlns:android="http://schemas.android.com/apk/res/android"
3    package="com.example.untitled"
4    android:versionCode="1"
5    android:versionName="1.0.0" >
6
7    <uses-sdk
8        android:minSdkVersion="21"
9        android:targetSdkVersion="34" />
10    <!--
11         The INTERNET permission is required for development. Specifically,
12         the Flutter tool needs it to communicate with the running application
13         to allow setting breakpoints, to provide hot reload, etc.
14    -->
15    <uses-permission android:name="android.permission.INTERNET" />
15-->src/main/AndroidManifest.xml:29:5-66
15-->src/main/AndroidManifest.xml:29:22-64
16    <!--
17     Required to query activities that can process text, see:
18         https://developer.android.com/training/package-visibility and
19         https://developer.android.com/reference/android/content/Intent#ACTION_PROCESS_TEXT.
20
21         In particular, this is used by the Flutter engine in io.flutter.plugin.text.ProcessTextPlugin.
22    -->
23    <queries>
23-->src/main/AndroidManifest.xml:23:5-28:15
24        <intent>
24-->src/main/AndroidManifest.xml:24:9-27:18
25            <action android:name="android.intent.action.PROCESS_TEXT" />
25-->src/main/AndroidManifest.xml:25:13-72
25-->src/main/AndroidManifest.xml:25:21-70
26
27            <data android:mimeType="text/plain" />
27-->src/main/AndroidManifest.xml:26:13-50
27-->src/main/AndroidManifest.xml:26:19-48
28        </intent>
29        <intent>
29-->[:flutter_inappwebview_android] AndroidManifest.xml:8:9-10:18
30            <action android:name="android.support.customtabs.action.CustomTabsService" />
30-->[:flutter_inappwebview_android] AndroidManifest.xml:9:13-90
30-->[:flutter_inappwebview_android] AndroidManifest.xml:9:21-87
31        </intent>
32    </queries>
33
34    <uses-permission android:name="android.permission.ACCESS_NETWORK_STATE" />
34-->[androidx.media3:media3-common:1.4.1] AndroidManifest.xml:22:5-79
34-->[androidx.media3:media3-common:1.4.1] AndroidManifest.xml:22:22-76
35
36    <permission
36-->[androidx.core:core:1.13.1] AndroidManifest.xml:22:5-24:47
37        android:name="com.example.untitled.DYNAMIC_RECEIVER_NOT_EXPORTED_PERMISSION"
37-->[androidx.core:core:1.13.1] AndroidManifest.xml:23:9-81
38        android:protectionLevel="signature" />
38-->[androidx.core:core:1.13.1] AndroidManifest.xml:24:9-44
39
40    <uses-permission android:name="com.example.untitled.DYNAMIC_RECEIVER_NOT_EXPORTED_PERMISSION" />
40-->[androidx.core:core:1.13.1] AndroidManifest.xml:26:5-97
40-->[androidx.core:core:1.13.1] AndroidManifest.xml:26:22-94
41
42    <application
43        android:name="android.app.Application"
44        android:appComponentFactory="androidx.core.app.CoreComponentFactory"
44-->[androidx.core:core:1.13.1] AndroidManifest.xml:28:18-86
45        android:debuggable="true"
46        android:extractNativeLibs="true"
47        android:icon="@mipmap/ic_launcher"
48        android:label="Market App" >
49        <activity
50            android:name="com.example.untitled.MainActivity"
51            android:configChanges="orientation|keyboardHidden|keyboard|screenSize|smallestScreenSize|locale|layoutDirection|fontScale|screenLayout|density|uiMode"
52            android:exported="true"
53            android:hardwareAccelerated="true"
54            android:launchMode="singleTop"
55            android:taskAffinity=""
56            android:theme="@style/LaunchTheme"
57            android:windowSoftInputMode="adjustResize" >
58
59            <!--
60                 Specifies an Android theme to apply to this Activity as soon as
61                 the Android process has started. This theme is visible to the user
62                 while the Flutter UI initializes. After that, this theme continues
63                 to determine the Window background behind the Flutter UI.
64            -->
65            <meta-data
66                android:name="io.flutter.embedding.android.NormalTheme"
67                android:resource="@style/NormalTheme" />
68
69            <intent-filter>
70                <action android:name="android.intent.action.MAIN" />
71
72                <category android:name="android.intent.category.LAUNCHER" />
73            </intent-filter>
74        </activity>
75        <!--
76             Don't delete the meta-data below.
77             This is used by the Flutter tool to generate GeneratedPluginRegistrant.java
78        -->
79        <meta-data
80            android:name="flutterEmbedding"
81            android:value="2" />
82
83        <activity
83-->[:flutter_inappwebview_android] AndroidManifest.xml:14:9-18:47
84            android:name="com.pichillilorenzo.flutter_inappwebview_android.in_app_browser.InAppBrowserActivity"
84-->[:flutter_inappwebview_android] AndroidManifest.xml:15:13-112
85            android:configChanges="orientation|keyboardHidden|keyboard|screenSize|locale|layoutDirection|fontScale|screenLayout|density"
85-->[:flutter_inappwebview_android] AndroidManifest.xml:16:13-137
86            android:exported="false"
86-->[:flutter_inappwebview_android] AndroidManifest.xml:17:13-37
87            android:theme="@style/AppTheme" />
87-->[:flutter_inappwebview_android] AndroidManifest.xml:18:13-44
88        <activity
88-->[:flutter_inappwebview_android] AndroidManifest.xml:19:9-22:55
89            android:name="com.pichillilorenzo.flutter_inappwebview_android.chrome_custom_tabs.ChromeCustomTabsActivity"
89-->[:flutter_inappwebview_android] AndroidManifest.xml:20:13-120
90            android:exported="false"
90-->[:flutter_inappwebview_android] AndroidManifest.xml:21:13-37
91            android:theme="@style/ThemeTransparent" />
91-->[:flutter_inappwebview_android] AndroidManifest.xml:22:13-52
92        <activity
92-->[:flutter_inappwebview_android] AndroidManifest.xml:23:9-26:55
93            android:name="com.pichillilorenzo.flutter_inappwebview_android.chrome_custom_tabs.TrustedWebActivity"
93-->[:flutter_inappwebview_android] AndroidManifest.xml:24:13-114
94            android:exported="false"
94-->[:flutter_inappwebview_android] AndroidManifest.xml:25:13-37
95            android:theme="@style/ThemeTransparent" />
95-->[:flutter_inappwebview_android] AndroidManifest.xml:26:13-52
96        <activity
96-->[:flutter_inappwebview_android] AndroidManifest.xml:27:9-31:55
97            android:name="com.pichillilorenzo.flutter_inappwebview_android.chrome_custom_tabs.ChromeCustomTabsActivitySingleInstance"
97-->[:flutter_inappwebview_android] AndroidManifest.xml:28:13-134
98            android:exported="false"
98-->[:flutter_inappwebview_android] AndroidManifest.xml:29:13-37
99            android:launchMode="singleInstance"
99-->[:flutter_inappwebview_android] AndroidManifest.xml:30:13-48
100            android:theme="@style/ThemeTransparent" />
100-->[:flutter_inappwebview_android] AndroidManifest.xml:31:13-52
101        <activity
101-->[:flutter_inappwebview_android] AndroidManifest.xml:32:9-36:55
102            android:name="com.pichillilorenzo.flutter_inappwebview_android.chrome_custom_tabs.TrustedWebActivitySingleInstance"
102-->[:flutter_inappwebview_android] AndroidManifest.xml:33:13-128
103            android:exported="false"
103-->[:flutter_inappwebview_android] AndroidManifest.xml:34:13-37
104            android:launchMode="singleInstance"
104-->[:flutter_inappwebview_android] AndroidManifest.xml:35:13-48
105            android:theme="@style/ThemeTransparent" />
105-->[:flutter_inappwebview_android] AndroidManifest.xml:36:13-52
106
107        <receiver
107-->[:flutter_inappwebview_android] AndroidManifest.xml:38:9-41:40
108            android:name="com.pichillilorenzo.flutter_inappwebview_android.chrome_custom_tabs.ActionBroadcastReceiver"
108-->[:flutter_inappwebview_android] AndroidManifest.xml:39:13-119
109            android:enabled="true"
109-->[:flutter_inappwebview_android] AndroidManifest.xml:40:13-35
110            android:exported="false" />
110-->[:flutter_inappwebview_android] AndroidManifest.xml:41:13-37
111
112        <meta-data
112-->[:flutter_inappwebview_android] AndroidManifest.xml:43:9-45:36
113            android:name="io.flutter.embedded_views_preview"
113-->[:flutter_inappwebview_android] AndroidManifest.xml:44:13-61
114            android:value="true" />
114-->[:flutter_inappwebview_android] AndroidManifest.xml:45:13-33
115
116        <provider
116-->[:printing] AndroidManifest.xml:8:9-16:20
117            android:name="net.nfet.flutter.printing.PrintFileProvider"
117-->[:printing] AndroidManifest.xml:9:13-71
118            android:authorities="com.example.untitled.flutter.printing"
118-->[:printing] AndroidManifest.xml:10:13-68
119            android:exported="false"
119-->[:printing] AndroidManifest.xml:11:13-37
120            android:grantUriPermissions="true" >
120-->[:printing] AndroidManifest.xml:12:13-47
121            <meta-data
121-->[:printing] AndroidManifest.xml:13:13-15:71
122                android:name="android.support.FILE_PROVIDER_PATHS"
122-->[:printing] AndroidManifest.xml:14:17-67
123                android:resource="@xml/flutter_printing_file_paths" />
123-->[:printing] AndroidManifest.xml:15:17-68
124        </provider>
125
126        <activity
126-->[:url_launcher_android] AndroidManifest.xml:8:9-11:74
127            android:name="io.flutter.plugins.urllauncher.WebViewActivity"
127-->[:url_launcher_android] AndroidManifest.xml:9:13-74
128            android:exported="false"
128-->[:url_launcher_android] AndroidManifest.xml:10:13-37
129            android:theme="@android:style/Theme.NoTitleBar.Fullscreen" />
129-->[:url_launcher_android] AndroidManifest.xml:11:13-71
130
131        <uses-library
131-->[androidx.window:window:1.2.0] AndroidManifest.xml:23:9-25:40
132            android:name="androidx.window.extensions"
132-->[androidx.window:window:1.2.0] AndroidManifest.xml:24:13-54
133            android:required="false" />
133-->[androidx.window:window:1.2.0] AndroidManifest.xml:25:13-37
134        <uses-library
134-->[androidx.window:window:1.2.0] AndroidManifest.xml:26:9-28:40
135            android:name="androidx.window.sidecar"
135-->[androidx.window:window:1.2.0] AndroidManifest.xml:27:13-51
136            android:required="false" />
136-->[androidx.window:window:1.2.0] AndroidManifest.xml:28:13-37
137
138        <provider
138-->[androidx.emoji2:emoji2:1.2.0] AndroidManifest.xml:24:9-32:20
139            android:name="androidx.startup.InitializationProvider"
139-->[androidx.emoji2:emoji2:1.2.0] AndroidManifest.xml:25:13-67
140            android:authorities="com.example.untitled.androidx-startup"
140-->[androidx.emoji2:emoji2:1.2.0] AndroidManifest.xml:26:13-68
141            android:exported="false" >
141-->[androidx.emoji2:emoji2:1.2.0] AndroidManifest.xml:27:13-37
142            <meta-data
142-->[androidx.emoji2:emoji2:1.2.0] AndroidManifest.xml:29:13-31:52
143                android:name="androidx.emoji2.text.EmojiCompatInitializer"
143-->[androidx.emoji2:emoji2:1.2.0] AndroidManifest.xml:30:17-75
144                android:value="androidx.startup" />
144-->[androidx.emoji2:emoji2:1.2.0] AndroidManifest.xml:31:17-49
145            <meta-data
145-->[androidx.lifecycle:lifecycle-process:2.7.0] AndroidManifest.xml:29:13-31:52
146                android:name="androidx.lifecycle.ProcessLifecycleInitializer"
146-->[androidx.lifecycle:lifecycle-process:2.7.0] AndroidManifest.xml:30:17-78
147                android:value="androidx.startup" />
147-->[androidx.lifecycle:lifecycle-process:2.7.0] AndroidManifest.xml:31:17-49
148            <meta-data
148-->[androidx.profileinstaller:profileinstaller:1.3.1] AndroidManifest.xml:29:13-31:52
149                android:name="androidx.profileinstaller.ProfileInstallerInitializer"
149-->[androidx.profileinstaller:profileinstaller:1.3.1] AndroidManifest.xml:30:17-85
150                android:value="androidx.startup" />
150-->[androidx.profileinstaller:profileinstaller:1.3.1] AndroidManifest.xml:31:17-49
151        </provider>
152
153        <receiver
153-->[androidx.profileinstaller:profileinstaller:1.3.1] AndroidManifest.xml:34:9-52:20
154            android:name="androidx.profileinstaller.ProfileInstallReceiver"
154-->[androidx.profileinstaller:profileinstaller:1.3.1] AndroidManifest.xml:35:13-76
155            android:directBootAware="false"
155-->[androidx.profileinstaller:profileinstaller:1.3.1] AndroidManifest.xml:36:13-44
156            android:enabled="true"
156-->[androidx.profileinstaller:profileinstaller:1.3.1] AndroidManifest.xml:37:13-35
157            android:exported="true"
157-->[androidx.profileinstaller:profileinstaller:1.3.1] AndroidManifest.xml:38:13-36
158            android:permission="android.permission.DUMP" >
158-->[androidx.profileinstaller:profileinstaller:1.3.1] AndroidManifest.xml:39:13-57
159            <intent-filter>
159-->[androidx.profileinstaller:profileinstaller:1.3.1] AndroidManifest.xml:40:13-42:29
160                <action android:name="androidx.profileinstaller.action.INSTALL_PROFILE" />
160-->[androidx.profileinstaller:profileinstaller:1.3.1] AndroidManifest.xml:41:17-91
160-->[androidx.profileinstaller:profileinstaller:1.3.1] AndroidManifest.xml:41:25-88
161            </intent-filter>
162            <intent-filter>
162-->[androidx.profileinstaller:profileinstaller:1.3.1] AndroidManifest.xml:43:13-45:29
163                <action android:name="androidx.profileinstaller.action.SKIP_FILE" />
163-->[androidx.profileinstaller:profileinstaller:1.3.1] AndroidManifest.xml:44:17-85
163-->[androidx.profileinstaller:profileinstaller:1.3.1] AndroidManifest.xml:44:25-82
164            </intent-filter>
165            <intent-filter>
165-->[androidx.profileinstaller:profileinstaller:1.3.1] AndroidManifest.xml:46:13-48:29
166                <action android:name="androidx.profileinstaller.action.SAVE_PROFILE" />
166-->[androidx.profileinstaller:profileinstaller:1.3.1] AndroidManifest.xml:47:17-88
166-->[androidx.profileinstaller:profileinstaller:1.3.1] AndroidManifest.xml:47:25-85
167            </intent-filter>
168            <intent-filter>
168-->[androidx.profileinstaller:profileinstaller:1.3.1] AndroidManifest.xml:49:13-51:29
169                <action android:name="androidx.profileinstaller.action.BENCHMARK_OPERATION" />
169-->[androidx.profileinstaller:profileinstaller:1.3.1] AndroidManifest.xml:50:17-95
169-->[androidx.profileinstaller:profileinstaller:1.3.1] AndroidManifest.xml:50:25-92
170            </intent-filter>
171        </receiver>
172    </application>
173
174</manifest>